MPASM  5.50                   UYGULAMA-56.ASM   1-9-2019  20:50:05         PAGE  1


LOC  OBJECT CODE     LINE SOURCE TEXT
  VALUE

                      00001         LIST P=16F877A
                      00002         #INCLUDE <P16F877A.INC>
                      00001         LIST
                      00002 
                      00003 ;==========================================================================
                      00004 ;  MPASM PIC16F877A processor include
                      00005 ; 
                      00006 ;  (c) Copyright 1999-2013 Microchip Technology, All rights reserved
                      00007 ;==========================================================================
                      00008 
                      00566         LIST
Warning[207]: Found label after column 1. (SAYICI1)
  00000020            00003         SAYICI1 EQU 0X20
Warning[207]: Found label after column 1. (SAYICI2)
  00000021            00004         SAYICI2 EQU 0X21
0000                  00005         ORG 0X000
0000   2801           00006         GOTO ANA_METOT
                      00007 
0001                  00008 ANA_METOT
0001   1683 1303      00009         BANKSEL TRISB
Message[302]: Register in operand not in bank 0.  Ensure that bank bits are correct.
0003   0186           00010         CLRF TRISB
                      00011         
0004   1283 1303      00012         BANKSEL PORTB
0006   0186           00013         CLRF PORTB
                      00014 
0007   1683 1303      00015         BANKSEL TRISC
Message[302]: Register in operand not in bank 0.  Ensure that bank bits are correct.
0009   0187           00016         CLRF TRISC
                      00017 
000A   1283 1303      00018         BANKSEL PORTC
000C   0187           00019         CLRF PORTC
                      00020 
000D   202C           00021         CALL TEMIZLE 
000E   2036           00022         CALL KARAKTERLER
                      00023 
000F                  00024 LCD_KARAKTER_GONDER
000F   1283 1303      00025         BANKSEL PORTC
0011   0087           00026         MOVWF PORTC
                      00027         
0012   1283 1303      00028         BANKSEL PORTB
0014   1606           00029         BSF PORTB,4
                      00030         
0015   1706           00031         BSF PORTB,6
0016   2023           00032         CALL GECIKME
0017   1306           00033         BCF PORTB,6
0018   0008           00034         RETURN
                      00035 
0019                  00036 LCD_KOMUT_GONDER
0019   1283 1303      00037         BANKSEL PORTC
001B   0087           00038         MOVWF PORTC
                      00039 
001C   1283 1303      00040         BANKSEL PORTB
MPASM  5.50                   UYGULAMA-56.ASM   1-9-2019  20:50:05         PAGE  2


LOC  OBJECT CODE     LINE SOURCE TEXT
  VALUE

001E   1206           00041         BCF PORTB,4
                      00042         
001F   1706           00043         BSF PORTB,6
0020   2023           00044         CALL GECIKME
0021   1306           00045         BCF PORTB,6
0022   0008           00046         RETURN
                      00047 
0023                  00048 GECIKME
0023   30FF           00049         MOVLW 0XFF
0024   00A0           00050         MOVWF SAYICI1
                      00051 
0025                  00052 TEKRAR1
0025   30FF           00053         MOVLW 0XFF
0026   00A1           00054         MOVWF SAYICI2
                      00055 
0027                  00056 TEKRAR2
0027   0BA1           00057         DECFSZ SAYICI2,F
0028   2827           00058         GOTO TEKRAR2
0029   0BA0           00059         DECFSZ SAYICI1,F
002A   2825           00060         GOTO TEKRAR1
002B   0008           00061         RETURN
                      00062 
002C                  00063 TEMIZLE
002C   3002           00064         MOVLW H'02'
002D   2019           00065         CALL LCD_KOMUT_GONDER
                      00066 
002E   300C           00067         MOVLW H'0C'
002F   2019           00068         CALL LCD_KOMUT_GONDER
                      00069 
0030   3038           00070         MOVLW H'38'
0031   2019           00071         CALL LCD_KOMUT_GONDER
                      00072         
0032   0008           00073         RETURN
                      00074 
0033                  00075 SATIR2
0033   30C0           00076         MOVLW H'C0'
0034   2019           00077         CALL LCD_KOMUT_GONDER
0035   0008           00078         RETURN
                      00079          
0036                  00080 KARAKTERLER
0036   304E           00081         MOVLW A'N'
0037   200F           00082         CALL LCD_KARAKTER_GONDER
                      00083 
0038   3049           00084         MOVLW A'I'
0039   200F           00085         CALL LCD_KARAKTER_GONDER
                      00086 
003A   304C           00087         MOVLW A'L'
003B   200F           00088         CALL LCD_KARAKTER_GONDER
                      00089 
003C   3041           00090         MOVLW A'A'
003D   200F           00091         CALL LCD_KARAKTER_GONDER
                      00092         
003E   3059           00093         MOVLW A'Y'
MPASM  5.50                   UYGULAMA-56.ASM   1-9-2019  20:50:05         PAGE  3


LOC  OBJECT CODE     LINE SOURCE TEXT
  VALUE

003F   200F           00094         CALL LCD_KARAKTER_GONDER
                      00095 
0040   3020           00096         MOVLW A' '
0041   200F           00097         CALL LCD_KARAKTER_GONDER
                      00098 
                      00099 
0042   3041           00100         MOVLW A'A'
0043   200F           00101         CALL LCD_KARAKTER_GONDER
                      00102 
0044   304C           00103         MOVLW A'L'
0045   200F           00104         CALL LCD_KARAKTER_GONDER
                      00105 
0046   3054           00106         MOVLW A'T'
0047   200F           00107         CALL LCD_KARAKTER_GONDER
                      00108 
0048   3055           00109         MOVLW A'U'      
0049   200F           00110         CALL LCD_KARAKTER_GONDER
                      00111 
004A   3047           00112         MOVLW A'G'
004B   200F           00113         CALL LCD_KARAKTER_GONDER
                      00114 
004C   2033           00115         CALL SATIR2
                      00116         
004D   3031           00117         MOVLW A'1'
004E   200F           00118         CALL LCD_KARAKTER_GONDER
                      00119 
004F   3032           00120         MOVLW A'2'
0050   200F           00121         CALL LCD_KARAKTER_GONDER
                      00122 
0051   3033           00123         MOVLW A'3'
0052   200F           00124         CALL LCD_KARAKTER_GONDER
                      00125 
0053   0008           00126         RETURN
                      00127 
Warning[205]: Found directive in column 1. (END)
                      00128 END
MPASM  5.50                   UYGULAMA-56.ASM   1-9-2019  20:50:05         PAGE  4


SYMBOL TABLE
  LABEL                             VALUE 

ACKDT                             00000005
ACKEN                             00000004
ACKSTAT                           00000006
ADCON0                            0000001F
ADCON1                            0000009F
ADCS0                             00000006
ADCS1                             00000007
ADCS2                             00000006
ADDEN                             00000003
ADFM                              00000007
ADIE                              00000006
ADIF                              00000006
ADON                              00000000
ADRESH                            0000001E
ADRESL                            0000009E
ANA_METOT                         00000001
BCLIE                             00000003
BCLIF                             00000003
BF                                00000000
BRGH                              00000002
C                                 00000000
C1INV                             00000004
C1OUT                             00000006
C2INV                             00000005
C2OUT                             00000007
CCP1CON                           00000017
CCP1IE                            00000002
CCP1IF                            00000002
CCP1M0                            00000000
CCP1M1                            00000001
CCP1M2                            00000002
CCP1M3                            00000003
CCP1X                             00000005
CCP1Y                             00000004
CCP2CON                           0000001D
CCP2IE                            00000000
CCP2IF                            00000000
CCP2M0                            00000000
CCP2M1                            00000001
CCP2M2                            00000002
CCP2M3                            00000003
CCP2X                             00000005
CCP2Y                             00000004
CCPR1                             00000015
CCPR1H                            00000016
CCPR1L                            00000015
CCPR2                             0000001B
CCPR2H                            0000001C
CCPR2L                            0000001B
CHS0                              00000003
CHS1                              00000004
CHS2                              00000005
CIS                               00000003
MPASM  5.50                   UYGULAMA-56.ASM   1-9-2019  20:50:05         PAGE  5


SYMBOL TABLE
  LABEL                             VALUE 

CKE                               00000006
CKP                               00000004
CM0                               00000000
CM1                               00000001
CM2                               00000002
CMCON                             0000009C
CMIE                              00000006
CMIF                              00000006
CREN                              00000004
CSRC                              00000007
CVR0                              00000000
CVR1                              00000001
CVR2                              00000002
CVR3                              00000003
CVRCON                            0000009D
CVREN                             00000007
CVROE                             00000006
CVRR                              00000005
D                                 00000005
DATA_ADDRESS                      00000005
DC                                00000001
D_A                               00000005
D_NOT_A                           00000005
EEADR                             0000010D
EEADRH                            0000010F
EECON1                            0000018C
EECON2                            0000018D
EEDATA                            0000010C
EEDATH                            0000010E
EEIE                              00000004
EEIF                              00000004
EEPGD                             00000007
F                                 00000001
FERR                              00000002
FSR                               00000004
GCEN                              00000007
GECIKME                           00000023
GIE                               00000007
GO                                00000002
GO_DONE                           00000002
GO_NOT_DONE                       00000002
I2C_DATA                          00000005
I2C_READ                          00000002
I2C_START                         00000003
I2C_STOP                          00000004
IBF                               00000007
IBOV                              00000005
INDF                              00000000
INTCON                            0000000B
INTE                              00000004
INTEDG                            00000006
INTF                              00000001
IRP                               00000007
MPASM  5.50                   UYGULAMA-56.ASM   1-9-2019  20:50:05         PAGE  6


SYMBOL TABLE
  LABEL                             VALUE 

KARAKTERLER                       00000036
LCD_KARAKTER_GONDER               0000000F
LCD_KOMUT_GONDER                  00000019
NOT_A                             00000005
NOT_ADDRESS                       00000005
NOT_BO                            00000000
NOT_BOR                           00000000
NOT_DONE                          00000002
NOT_PD                            00000003
NOT_POR                           00000001
NOT_RBPU                          00000007
NOT_RC8                           00000006
NOT_T1SYNC                        00000002
NOT_TO                            00000004
NOT_TX8                           00000006
NOT_W                             00000002
NOT_WRITE                         00000002
OBF                               00000006
OERR                              00000001
OPTION_REG                        00000081
P                                 00000004
PCFG0                             00000000
PCFG1                             00000001
PCFG2                             00000002
PCFG3                             00000003
PCL                               00000002
PCLATH                            0000000A
PCON                              0000008E
PEIE                              00000006
PEN                               00000002
PIE1                              0000008C
PIE2                              0000008D
PIR1                              0000000C
PIR2                              0000000D
PORTA                             00000005
PORTB                             00000006
PORTC                             00000007
PORTD                             00000008
PORTE                             00000009
PR2                               00000092
PS0                               00000000
PS1                               00000001
PS2                               00000002
PSA                               00000003
PSPIE                             00000007
PSPIF                             00000007
PSPMODE                           00000004
R                                 00000002
RA0                               00000000
RA1                               00000001
RA2                               00000002
RA3                               00000003
RA4                               00000004
MPASM  5.50                   UYGULAMA-56.ASM   1-9-2019  20:50:05         PAGE  7


SYMBOL TABLE
  LABEL                             VALUE 

RA5                               00000005
RB0                               00000000
RB1                               00000001
RB2                               00000002
RB3                               00000003
RB4                               00000004
RB5                               00000005
RB6                               00000006
RB7                               00000007
RBIE                              00000003
RBIF                              00000000
RC0                               00000000
RC1                               00000001
RC2                               00000002
RC3                               00000003
RC4                               00000004
RC5                               00000005
RC6                               00000006
RC7                               00000007
RC8_9                             00000006
RC9                               00000006
RCD8                              00000000
RCEN                              00000003
RCIE                              00000005
RCIF                              00000005
RCREG                             0000001A
RCSTA                             00000018
RD                                00000000
RD0                               00000000
RD1                               00000001
RD2                               00000002
RD3                               00000003
RD4                               00000004
RD5                               00000005
RD6                               00000006
RD7                               00000007
RE0                               00000000
RE1                               00000001
RE2                               00000002
READ_WRITE                        00000002
RP0                               00000005
RP1                               00000006
RSEN                              00000001
RX9                               00000006
RX9D                              00000000
R_NOT_W                           00000002
R_W                               00000002
S                                 00000003
SATIR2                            00000033
SAYICI1                           00000020
SAYICI2                           00000021
SEN                               00000000
SMP                               00000007
MPASM  5.50                   UYGULAMA-56.ASM   1-9-2019  20:50:05         PAGE  8


SYMBOL TABLE
  LABEL                             VALUE 

SPBRG                             00000099
SPEN                              00000007
SREN                              00000005
SSPADD                            00000093
SSPBUF                            00000013
SSPCON                            00000014
SSPCON2                           00000091
SSPEN                             00000005
SSPIE                             00000003
SSPIF                             00000003
SSPM0                             00000000
SSPM1                             00000001
SSPM2                             00000002
SSPM3                             00000003
SSPOV                             00000006
SSPSTAT                           00000094
STATUS                            00000003
SYNC                              00000004
T0CS                              00000005
T0IE                              00000005
T0IF                              00000002
T0SE                              00000004
T1CKPS0                           00000004
T1CKPS1                           00000005
T1CON                             00000010
T1INSYNC                          00000002
T1OSCEN                           00000003
T1SYNC                            00000002
T2CKPS0                           00000000
T2CKPS1                           00000001
T2CON                             00000012
TEKRAR1                           00000025
TEKRAR2                           00000027
TEMIZLE                           0000002C
TMR0                              00000001
TMR0IE                            00000005
TMR0IF                            00000002
TMR1                              0000000E
TMR1CS                            00000001
TMR1H                             0000000F
TMR1IE                            00000000
TMR1IF                            00000000
TMR1L                             0000000E
TMR1ON                            00000000
TMR2                              00000011
TMR2IE                            00000001
TMR2IF                            00000001
TMR2ON                            00000002
TOUTPS0                           00000003
TOUTPS1                           00000004
TOUTPS2                           00000005
TOUTPS3                           00000006
TRISA                             00000085
MPASM  5.50                   UYGULAMA-56.ASM   1-9-2019  20:50:05         PAGE  9


SYMBOL TABLE
  LABEL                             VALUE 

TRISA0                            00000000
TRISA1                            00000001
TRISA2                            00000002
TRISA3                            00000003
TRISA4                            00000004
TRISA5                            00000005
TRISB                             00000086
TRISB0                            00000000
TRISB1                            00000001
TRISB2                            00000002
TRISB3                            00000003
TRISB4                            00000004
TRISB5                            00000005
TRISB6                            00000006
TRISB7                            00000007
TRISC                             00000087
TRISC0                            00000000
TRISC1                            00000001
TRISC2                            00000002
TRISC3                            00000003
TRISC4                            00000004
TRISC5                            00000005
TRISC6                            00000006
TRISC7                            00000007
TRISD                             00000088
TRISD0                            00000000
TRISD1                            00000001
TRISD2                            00000002
TRISD3                            00000003
TRISD4                            00000004
TRISD5                            00000005
TRISD6                            00000006
TRISD7                            00000007
TRISE                             00000089
TRISE0                            00000000
TRISE1                            00000001
TRISE2                            00000002
TRMT                              00000001
TX8_9                             00000006
TX9                               00000006
TX9D                              00000000
TXD8                              00000000
TXEN                              00000005
TXIE                              00000004
TXIF                              00000004
TXREG                             00000019
TXSTA                             00000098
UA                                00000001
W                                 00000000
WCOL                              00000007
WR                                00000001
WREN                              00000002
WRERR                             00000003
MPASM  5.50                   UYGULAMA-56.ASM   1-9-2019  20:50:05         PAGE 10


SYMBOL TABLE
  LABEL                             VALUE 

Z                                 00000002
_BODEN_OFF                        00003FBF
_BODEN_ON                         00003FFF
_BOREN_OFF                        00003FBF
_BOREN_ON                         00003FFF
_CONFIG                           00002007
_CPD_OFF                          00003FFF
_CPD_ON                           00003EFF
_CP_ALL                           00001FFF
_CP_OFF                           00003FFF
_CP_ON                            00001FFF
_DEBUG_OFF                        00003FFF
_DEBUG_ON                         000037FF
_DEVID1                           00002006
_FOSC_EXTRC                       00003FFF
_FOSC_HS                          00003FFE
_FOSC_LP                          00003FFC
_FOSC_XT                          00003FFD
_HS_OSC                           00003FFE
_IDLOC0                           00002000
_IDLOC1                           00002001
_IDLOC2                           00002002
_IDLOC3                           00002003
_LP_OSC                           00003FFC
_LVP_OFF                          00003F7F
_LVP_ON                           00003FFF
_PWRTE_OFF                        00003FFF
_PWRTE_ON                         00003FF7
_RC_OSC                           00003FFF
_WDTE_OFF                         00003FFB
_WDTE_ON                          00003FFF
_WDT_OFF                          00003FFB
_WDT_ON                           00003FFF
_WRT_1FOURTH                      00003BFF
_WRT_256                          00003DFF
_WRT_HALF                         000039FF
_WRT_OFF                          00003FFF
_XT_OSC                           00003FFD
__16F877A                         00000001
__DEBUG                           1


MEMORY USAGE MAP ('X' = Used,  '-' = Unused)

0000 : XXXXXXXXXXXXXXXX XXXXXXXXXXXXXXXX XXXXXXXXXXXXXXXX XXXXXXXXXXXXXXXX
0040 : XXXXXXXXXXXXXXXX XXXX------------ ---------------- ----------------

All other memory blocks unused.

Program Memory Words Used:    84
Program Memory Words Free:  8108

MPASM  5.50                   UYGULAMA-56.ASM   1-9-2019  20:50:05         PAGE 11






Errors   :     0
Warnings :     3 reported,     0 suppressed
Messages :     2 reported,     0 suppressed

